2016-07-26 18:05:47 [127.0.0.1][-][kusn9spatc2alrb7g98gn0lu87][error][yii\db\Exception] exception 'PDOException' with message 'SQLSTATE[HY000] [2002] 由于目标计算机积极拒绝，无法连接。
' in C:\Users\lanjh\Desktop\www\test-yii2-ad\advanced\vendor\yiisoft\yii2\db\Connection.php:603
Stack trace:
#0 C:\Users\lanjh\Desktop\www\test-yii2-ad\advanced\vendor\yiisoft\yii2\db\Connection.php(603): PDO->__construct('mysql:host=loca...', 'root', '', NULL)
#1 C:\Users\lanjh\Desktop\www\test-yii2-ad\advanced\vendor\yiisoft\yii2\db\Connection.php(545): yii\db\Connection->createPdoInstance()
#2 C:\Users\lanjh\Desktop\www\test-yii2-ad\advanced\vendor\yiisoft\yii2\db\Connection.php(864): yii\db\Connection->open()
#3 C:\Users\lanjh\Desktop\www\test-yii2-ad\advanced\vendor\yiisoft\yii2\db\Connection.php(851): yii\db\Connection->getMasterPdo()
#4 C:\Users\lanjh\Desktop\www\test-yii2-ad\advanced\vendor\yiisoft\yii2\db\Schema.php(480): yii\db\Connection->getSlavePdo()
#5 C:\Users\lanjh\Desktop\www\test-yii2-ad\advanced\vendor\yiisoft\yii2\db\Connection.php(760): yii\db\Schema->quoteValue('<span class="st...')
#6 C:\Users\lanjh\Desktop\www\test-yii2-ad\advanced\vendor\yiisoft\yii2\db\Command.php(175): yii\db\Connection->quoteValue('<span class="st...')
#7 C:\Users\lanjh\Desktop\www\test-yii2-ad\advanced\vendor\yiisoft\yii2\db\Command.php(869): yii\db\Command->getRawSql()
#8 C:\Users\lanjh\Desktop\www\test-yii2-ad\advanced\vendor\yiisoft\yii2\db\Command.php(376): yii\db\Command->queryInternal('<span class="st...', '<span class="ke...')
#9 C:\Users\lanjh\Desktop\www\test-yii2-ad\advanced\vendor\yiisoft\yii2\db\Query.php(247): yii\db\Command->queryOne()
#10 C:\Users\lanjh\Desktop\www\test-yii2-ad\advanced\vendor\yiisoft\yii2\db\ActiveQuery.php(295): yii\db\Query->one('<span class="ke...')
#11 C:\Users\lanjh\Desktop\www\test-yii2-ad\advanced\vendor\yiisoft\yii2\db\BaseActiveRecord.php(107): yii\db\ActiveQuery->one()
#12 C:\Users\lanjh\Desktop\www\test-yii2-ad\advanced\common\models\User.php(83): yii\db\BaseActiveRecord::findOne('[<span class="s...')
#13 C:\Users\lanjh\Desktop\www\test-yii2-ad\advanced\common\models\LoginForm.php(73): common\models\User::findByUsername('<span class="st...')
#14 C:\Users\lanjh\Desktop\www\test-yii2-ad\advanced\common\models\LoginForm.php(44): common\models\LoginForm->getUser()
#15 [internal function]: common\models\LoginForm->validatePassword('<span class="st...', '<span class="ke...')
#16 C:\Users\lanjh\Desktop\www\test-yii2-ad\advanced\vendor\yiisoft\yii2\validators\InlineValidator.php(69): call_user_func('[<span class="t...', '<span class="st...', '<span class="ke...')
#17 C:\Users\lanjh\Desktop\www\test-yii2-ad\advanced\vendor\yiisoft\yii2\validators\Validator.php(252): yii\validators\InlineValidator->validateAttribute(Object(common\models\LoginForm), '<span class="st...')
#18 C:\Users\lanjh\Desktop\www\test-yii2-ad\advanced\vendor\yiisoft\yii2\base\Model.php(356): yii\validators\Validator->validateAttributes(Object(common\models\LoginForm), '[<span class="s...')
#19 C:\Users\lanjh\Desktop\www\test-yii2-ad\advanced\common\models\LoginForm.php(58): yii\base\Model->validate()
#20 C:\Users\lanjh\Desktop\www\test-yii2-ad\advanced\backend\controllers\SiteController.php(78): common\models\LoginForm->login()
#21 [internal function]: backend\controllers\SiteController->actionLogin()
#22 C:\Users\lanjh\Desktop\www\test-yii2-ad\advanced\vendor\yiisoft\yii2\base\InlineAction.php(55): call_user_func_array('[<span class="t...', '[]')
#23 C:\Users\lanjh\Desktop\www\test-yii2-ad\advanced\vendor\yiisoft\yii2\base\Controller.php(154): yii\base\InlineAction->runWithParams('[<span class="s...')
#24 C:\Users\lanjh\Desktop\www\test-yii2-ad\advanced\vendor\yiisoft\yii2\base\Module.php(454): yii\base\Controller->runAction('<span class="st...', '[<span class="s...')
#25 C:\Users\lanjh\Desktop\www\test-yii2-ad\advanced\vendor\yiisoft\yii2\web\Application.php(87): yii\base\Module->runAction('<span class="st...', '[<span class="s...')
#26 C:\Users\lanjh\Desktop\www\test-yii2-ad\advanced\vendor\yiisoft\yii2\base\Application.php(375): yii\web\Application->handleRequest(Object(yii\web\Request))
#27 C:\Users\lanjh\Desktop\www\test-yii2-ad\advanced\backend\web\index.php(18): yii\base\Application->run()
#28 {main}

Next exception 'yii\db\Exception' with message 'SQLSTATE[HY000] [2002] 由于目标计算机积极拒绝，无法连接。
' in C:\Users\lanjh\Desktop\www\test-yii2-ad\advanced\vendor\yiisoft\yii2\db\Connection.php:550
Stack trace:
#0 C:\Users\lanjh\Desktop\www\test-yii2-ad\advanced\vendor\yiisoft\yii2\db\Connection.php(864): yii\db\Connection->open()
#1 C:\Users\lanjh\Desktop\www\test-yii2-ad\advanced\vendor\yiisoft\yii2\db\Connection.php(851): yii\db\Connection->getMasterPdo()
#2 C:\Users\lanjh\Desktop\www\test-yii2-ad\advanced\vendor\yiisoft\yii2\db\Schema.php(480): yii\db\Connection->getSlavePdo()
#3 C:\Users\lanjh\Desktop\www\test-yii2-ad\advanced\vendor\yiisoft\yii2\db\Connection.php(760): yii\db\Schema->quoteValue('<span class="st...')
#4 C:\Users\lanjh\Desktop\www\test-yii2-ad\advanced\vendor\yiisoft\yii2\db\Command.php(175): yii\db\Connection->quoteValue('<span class="st...')
#5 C:\Users\lanjh\Desktop\www\test-yii2-ad\advanced\vendor\yiisoft\yii2\db\Command.php(869): yii\db\Command->getRawSql()
#6 C:\Users\lanjh\Desktop\www\test-yii2-ad\advanced\vendor\yiisoft\yii2\db\Command.php(376): yii\db\Command->queryInternal('<span class="st...', '<span class="ke...')
#7 C:\Users\lanjh\Desktop\www\test-yii2-ad\advanced\vendor\yiisoft\yii2\db\Query.php(247): yii\db\Command->queryOne()
#8 C:\Users\lanjh\Desktop\www\test-yii2-ad\advanced\vendor\yiisoft\yii2\db\ActiveQuery.php(295): yii\db\Query->one('<span class="ke...')
#9 C:\Users\lanjh\Desktop\www\test-yii2-ad\advanced\vendor\yiisoft\yii2\db\BaseActiveRecord.php(107): yii\db\ActiveQuery->one()
#10 C:\Users\lanjh\Desktop\www\test-yii2-ad\advanced\common\models\User.php(83): yii\db\BaseActiveRecord::findOne('[<span class="s...')
#11 C:\Users\lanjh\Desktop\www\test-yii2-ad\advanced\common\models\LoginForm.php(73): common\models\User::findByUsername('<span class="st...')
#12 C:\Users\lanjh\Desktop\www\test-yii2-ad\advanced\common\models\LoginForm.php(44): common\models\LoginForm->getUser()
#13 [internal function]: common\models\LoginForm->validatePassword('<span class="st...', '<span class="ke...')
#14 C:\Users\lanjh\Desktop\www\test-yii2-ad\advanced\vendor\yiisoft\yii2\validators\InlineValidator.php(69): call_user_func('[<span class="t...', '<span class="st...', '<span class="ke...')
#15 C:\Users\lanjh\Desktop\www\test-yii2-ad\advanced\vendor\yiisoft\yii2\validators\Validator.php(252): yii\validators\InlineValidator->validateAttribute(Object(common\models\LoginForm), '<span class="st...')
#16 C:\Users\lanjh\Desktop\www\test-yii2-ad\advanced\vendor\yiisoft\yii2\base\Model.php(356): yii\validators\Validator->validateAttributes(Object(common\models\LoginForm), '[<span class="s...')
#17 C:\Users\lanjh\Desktop\www\test-yii2-ad\advanced\common\models\LoginForm.php(58): yii\base\Model->validate()
#18 C:\Users\lanjh\Desktop\www\test-yii2-ad\advanced\backend\controllers\SiteController.php(78): common\models\LoginForm->login()
#19 [internal function]: backend\controllers\SiteController->actionLogin()
#20 C:\Users\lanjh\Desktop\www\test-yii2-ad\advanced\vendor\yiisoft\yii2\base\InlineAction.php(55): call_user_func_array('[<span class="t...', '[]')
#21 C:\Users\lanjh\Desktop\www\test-yii2-ad\advanced\vendor\yiisoft\yii2\base\Controller.php(154): yii\base\InlineAction->runWithParams('[<span class="s...')
#22 C:\Users\lanjh\Desktop\www\test-yii2-ad\advanced\vendor\yiisoft\yii2\base\Module.php(454): yii\base\Controller->runAction('<span class="st...', '[<span class="s...')
#23 C:\Users\lanjh\Desktop\www\test-yii2-ad\advanced\vendor\yiisoft\yii2\web\Application.php(87): yii\base\Module->runAction('<span class="st...', '[<span class="s...')
#24 C:\Users\lanjh\Desktop\www\test-yii2-ad\advanced\vendor\yiisoft\yii2\base\Application.php(375): yii\web\Application->handleRequest(Object(yii\web\Request))
#25 C:\Users\lanjh\Desktop\www\test-yii2-ad\advanced\backend\web\index.php(18): yii\base\Application->run()
#26 {main}
Additional Information:

2016-07-26 18:05:44 [127.0.0.1][-][kusn9spatc2alrb7g98gn0lu87][info][application] $_GET = [
    'r' => 'site/login'
]

$_POST = [
    '_csrf-backend' => 'b1RqWUVONmE3IQcDDBplUlY9Hh98L14kQm0vLAwXRCYMAQI3EBgGJA=='
    'LoginForm' => [
        'username' => 'haha'
        'password' => '99'
        'rememberMe' => '0'
    ]
    'login-button' => ''
]

$_COOKIE = [
    'advanced-backend' => 'kusn9spatc2alrb7g98gn0lu87'
    '_csrf-backend' => '8f69c900ff003ac3c88759f75579e0127ec851908776272a32d4f9f14ceaa6b9a:2:{i:0;s:13:\"_csrf-backend\";i:1;s:32:\"XumZITS39itF9ahE-9EuIYrGcUhnUV0E\";}'
]

$_SESSION = [
    '__flash' => []
    '__returnUrl' => '/'
]

$_SERVER = [
    'HTTP_HOST' => 'manager.test.com'
    'HTTP_CONNECTION' => 'keep-alive'
    'CONTENT_LENGTH' => '172'
    'HTTP_CACHE_CONTROL' => 'max-age=0'
    'HTTP_ORIGIN' => 'http://manager.test.com'
    'HTTP_UPGRADE_INSECURE_REQUESTS' => '1'
    'HTTP_USER_AGENT' => 'Mozilla/5.0 (Windows NT 10.0; WOW64) AppleWebKit/537.36 (KHTML, like Gecko) Chrome/52.0.2743.82 Safari/537.36'
    'CONTENT_TYPE' => 'application/x-www-form-urlencoded'
    'HTTP_ACCEPT' => 'text/html,application/xhtml+xml,application/xml;q=0.9,image/webp,*/*;q=0.8'
    'HTTP_REFERER' => 'http://manager.test.com/index.php?r=site%2Flogin'
    'HTTP_ACCEPT_ENCODING' => 'gzip, deflate'
    'HTTP_ACCEPT_LANGUAGE' => 'zh-CN,zh;q=0.8'
    'HTTP_COOKIE' => 'advanced-backend=kusn9spatc2alrb7g98gn0lu87; _csrf-backend=8f69c900ff003ac3c88759f75579e0127ec851908776272a32d4f9f14ceaa6b9a%3A2%3A%7Bi%3A0%3Bs%3A13%3A%22_csrf-backend%22%3Bi%3A1%3Bs%3A32%3A%22XumZITS39itF9ahE-9EuIYrGcUhnUV0E%22%3B%7D'
    'PATH' => 'C:\\ProgramData\\Oracle\\Java\\javapath;C:\\WINDOWS\\system32;C:\\WINDOWS;C:\\WINDOWS\\System32\\Wbem;C:\\WINDOWS\\System32\\WindowsPowerShell\\v1.0\\;D:\\Program Files (x86)\\Bitvise SSH Client;D:\\xampp\\php;C:\\Program Files\\nodejs\\;C:\\Program Files\\TortoiseSVN\\bin;C:\\xampp\\php;C:\\ProgramData\\ComposerSetup\\bin;C:\\Users\\lanjh\\AppData\\Roaming\\Composer\\vendor\\bin'
    'SystemRoot' => 'C:\\WINDOWS'
    'COMSPEC' => 'C:\\WINDOWS\\system32\\cmd.exe'
    'PATHEXT' => '.COM;.EXE;.BAT;.CMD;.VBS;.VBE;.JS;.JSE;.WSF;.WSH;.MSC'
    'WINDIR' => 'C:\\WINDOWS'
    'SERVER_SIGNATURE' => '<address>Apache/2.4.18 (Win32) PHP/5.6.16 Server at manager.test.com Port 80</address>
'
    'SERVER_SOFTWARE' => 'Apache/2.4.18 (Win32) PHP/5.6.16'
    'SERVER_NAME' => 'manager.test.com'
    'SERVER_ADDR' => '127.0.0.1'
    'SERVER_PORT' => '80'
    'REMOTE_ADDR' => '127.0.0.1'
    'DOCUMENT_ROOT' => 'C:/Users/lanjh/Desktop/www/test-yii2-ad/advanced/backend/web'
    'REQUEST_SCHEME' => 'http'
    'CONTEXT_PREFIX' => ''
    'CONTEXT_DOCUMENT_ROOT' => 'C:/Users/lanjh/Desktop/www/test-yii2-ad/advanced/backend/web'
    'SERVER_ADMIN' => 'webmaster@manager.test.com'
    'SCRIPT_FILENAME' => 'C:/Users/lanjh/Desktop/www/test-yii2-ad/advanced/backend/web/index.php'
    'REMOTE_PORT' => '52194'
    'GATEWAY_INTERFACE' => 'CGI/1.1'
    'SERVER_PROTOCOL' => 'HTTP/1.1'
    'REQUEST_METHOD' => 'POST'
    'QUERY_STRING' => 'r=site%2Flogin'
    'REQUEST_URI' => '/index.php?r=site%2Flogin'
    'SCRIPT_NAME' => '/index.php'
    'PHP_SELF' => '/index.php'
    'REQUEST_TIME_FLOAT' => 1469527544.884
    'REQUEST_TIME' => 1469527544
]
2016-07-28 10:20:08 [127.0.0.1][-][-][error][yii\db\Exception] exception 'PDOException' with message 'SQLSTATE[HY000] [2002] 由于目标计算机积极拒绝，无法连接。
' in C:\Users\lanjh\Desktop\www\test-yii2-ad\advanced\vendor\yiisoft\yii2\db\Connection.php:603
Stack trace:
#0 C:\Users\lanjh\Desktop\www\test-yii2-ad\advanced\vendor\yiisoft\yii2\db\Connection.php(603): PDO->__construct('mysql:host=loca...', 'root', '', NULL)
#1 C:\Users\lanjh\Desktop\www\test-yii2-ad\advanced\vendor\yiisoft\yii2\db\Connection.php(545): yii\db\Connection->createPdoInstance()
#2 C:\Users\lanjh\Desktop\www\test-yii2-ad\advanced\vendor\yiisoft\yii2\db\Connection.php(864): yii\db\Connection->open()
#3 C:\Users\lanjh\Desktop\www\test-yii2-ad\advanced\vendor\yiisoft\yii2\db\Connection.php(851): yii\db\Connection->getMasterPdo()
#4 C:\Users\lanjh\Desktop\www\test-yii2-ad\advanced\vendor\yiisoft\yii2\db\Command.php(219): yii\db\Connection->getSlavePdo()
#5 C:\Users\lanjh\Desktop\www\test-yii2-ad\advanced\vendor\yiisoft\yii2\db\Command.php(894): yii\db\Command->prepare('<span class="ke...')
#6 C:\Users\lanjh\Desktop\www\test-yii2-ad\advanced\vendor\yiisoft\yii2\db\Command.php(405): yii\db\Command->queryInternal('<span class="st...', '<span class="nu...')
#7 C:\Users\lanjh\Desktop\www\test-yii2-ad\advanced\vendor\yiisoft\yii2\db\mysql\Schema.php(348): yii\db\Command->queryColumn()
#8 C:\Users\lanjh\Desktop\www\test-yii2-ad\advanced\vendor\yiisoft\yii2\db\Schema.php(231): yii\db\mysql\Schema->findTableNames('<span class="st...')
#9 C:\Users\lanjh\Desktop\www\test-yii2-ad\advanced\vendor\yiisoft\yii2-gii\generators\model\Generator.php(158): yii\db\Schema->getTableNames()
#10 [internal function]: yii\gii\generators\model\Generator->yii\gii\generators\model\{closure}()
#11 C:\Users\lanjh\Desktop\www\test-yii2-ad\advanced\vendor\yiisoft\yii2-gii\components\ActiveField.php(41): call_user_func(Object(Closure))
#12 C:\Users\lanjh\Desktop\www\test-yii2-ad\advanced\vendor\yiisoft\yii2\base\Object.php(107): yii\gii\components\ActiveField->init()
#13 [internal function]: yii\base\Object->__construct('[<span class="s...')
#14 C:\Users\lanjh\Desktop\www\test-yii2-ad\advanced\vendor\yiisoft\yii2\di\Container.php(379): ReflectionClass->newInstanceArgs('[[<span class="...')
#15 C:\Users\lanjh\Desktop\www\test-yii2-ad\advanced\vendor\yiisoft\yii2\di\Container.php(154): yii\di\Container->build('<span class="st...', '[]', '[<span class="s...')
#16 C:\Users\lanjh\Desktop\www\test-yii2-ad\advanced\vendor\yiisoft\yii2\BaseYii.php(344): yii\di\Container->get('<span class="st...', '[]', '[<span class="s...')
#17 C:\Users\lanjh\Desktop\www\test-yii2-ad\advanced\vendor\yiisoft\yii2\widgets\ActiveForm.php(293): yii\BaseYii::createObject('[<span class="s...')
#18 C:\Users\lanjh\Desktop\www\test-yii2-ad\advanced\vendor\yiisoft\yii2-gii\generators\model\form.php(9): yii\widgets\ActiveForm->field(Object(yii\gii\generators\model\Generator), '<span class="st...')
#19 C:\Users\lanjh\Desktop\www\test-yii2-ad\advanced\vendor\yiisoft\yii2\base\View.php(325): require('C:\\Users\\lanjh\\...')
#20 C:\Users\lanjh\Desktop\www\test-yii2-ad\advanced\vendor\yiisoft\yii2\base\View.php(247): yii\base\View->renderPhpFile('<span class="st...', '[<span class="s...')
#21 C:\Users\lanjh\Desktop\www\test-yii2-ad\advanced\vendor\yiisoft\yii2-gii\views\default\view.php(38): yii\base\View->renderFile('<span class="st...', '[<span class="s...')
#22 C:\Users\lanjh\Desktop\www\test-yii2-ad\advanced\vendor\yiisoft\yii2\base\View.php(325): require('C:\\Users\\lanjh\\...')
#23 C:\Users\lanjh\Desktop\www\test-yii2-ad\advanced\vendor\yiisoft\yii2\base\View.php(247): yii\base\View->renderPhpFile('<span class="st...', '[<span class="s...')
#24 C:\Users\lanjh\Desktop\www\test-yii2-ad\advanced\vendor\yiisoft\yii2\base\View.php(149): yii\base\View->renderFile('<span class="st...', '[<span class="s...', Object(yii\gii\controllers\DefaultController))
#25 C:\Users\lanjh\Desktop\www\test-yii2-ad\advanced\vendor\yiisoft\yii2\base\Controller.php(378): yii\base\View->render('<span class="st...', '[<span class="s...', Object(yii\gii\controllers\DefaultController))
#26 C:\Users\lanjh\Desktop\www\test-yii2-ad\advanced\vendor\yiisoft\yii2-gii\controllers\DefaultController.php(61): yii\base\Controller->render('<span class="st...', '[<span class="s...')
#27 [internal function]: yii\gii\controllers\DefaultController->actionView('<span class="st...')
#28 C:\Users\lanjh\Desktop\www\test-yii2-ad\advanced\vendor\yiisoft\yii2\base\InlineAction.php(55): call_user_func_array('[<span class="t...', '[<span class="s...')
#29 C:\Users\lanjh\Desktop\www\test-yii2-ad\advanced\vendor\yiisoft\yii2\base\Controller.php(154): yii\base\InlineAction->runWithParams('[<span class="s...')
#30 C:\Users\lanjh\Desktop\www\test-yii2-ad\advanced\vendor\yiisoft\yii2\base\Module.php(454): yii\base\Controller->runAction('<span class="st...', '[<span class="s...')
#31 C:\Users\lanjh\Desktop\www\test-yii2-ad\advanced\vendor\yiisoft\yii2\web\Application.php(87): yii\base\Module->runAction('<span class="st...', '[<span class="s...')
#32 C:\Users\lanjh\Desktop\www\test-yii2-ad\advanced\vendor\yiisoft\yii2\base\Application.php(375): yii\web\Application->handleRequest(Object(yii\web\Request))
#33 C:\Users\lanjh\Desktop\www\test-yii2-ad\advanced\backend\web\index.php(18): yii\base\Application->run()
#34 {main}

Next exception 'yii\db\Exception' with message 'SQLSTATE[HY000] [2002] 由于目标计算机积极拒绝，无法连接。
' in C:\Users\lanjh\Desktop\www\test-yii2-ad\advanced\vendor\yiisoft\yii2\db\Connection.php:550
Stack trace:
#0 C:\Users\lanjh\Desktop\www\test-yii2-ad\advanced\vendor\yiisoft\yii2\db\Connection.php(864): yii\db\Connection->open()
#1 C:\Users\lanjh\Desktop\www\test-yii2-ad\advanced\vendor\yiisoft\yii2\db\Connection.php(851): yii\db\Connection->getMasterPdo()
#2 C:\Users\lanjh\Desktop\www\test-yii2-ad\advanced\vendor\yiisoft\yii2\db\Command.php(219): yii\db\Connection->getSlavePdo()
#3 C:\Users\lanjh\Desktop\www\test-yii2-ad\advanced\vendor\yiisoft\yii2\db\Command.php(894): yii\db\Command->prepare('<span class="ke...')
#4 C:\Users\lanjh\Desktop\www\test-yii2-ad\advanced\vendor\yiisoft\yii2\db\Command.php(405): yii\db\Command->queryInternal('<span class="st...', '<span class="nu...')
#5 C:\Users\lanjh\Desktop\www\test-yii2-ad\advanced\vendor\yiisoft\yii2\db\mysql\Schema.php(348): yii\db\Command->queryColumn()
#6 C:\Users\lanjh\Desktop\www\test-yii2-ad\advanced\vendor\yiisoft\yii2\db\Schema.php(231): yii\db\mysql\Schema->findTableNames('<span class="st...')
#7 C:\Users\lanjh\Desktop\www\test-yii2-ad\advanced\vendor\yiisoft\yii2-gii\generators\model\Generator.php(158): yii\db\Schema->getTableNames()
#8 [internal function]: yii\gii\generators\model\Generator->yii\gii\generators\model\{closure}()
#9 C:\Users\lanjh\Desktop\www\test-yii2-ad\advanced\vendor\yiisoft\yii2-gii\components\ActiveField.php(41): call_user_func(Object(Closure))
#10 C:\Users\lanjh\Desktop\www\test-yii2-ad\advanced\vendor\yiisoft\yii2\base\Object.php(107): yii\gii\components\ActiveField->init()
#11 [internal function]: yii\base\Object->__construct('[<span class="s...')
#12 C:\Users\lanjh\Desktop\www\test-yii2-ad\advanced\vendor\yiisoft\yii2\di\Container.php(379): ReflectionClass->newInstanceArgs('[[<span class="...')
#13 C:\Users\lanjh\Desktop\www\test-yii2-ad\advanced\vendor\yiisoft\yii2\di\Container.php(154): yii\di\Container->build('<span class="st...', '[]', '[<span class="s...')
#14 C:\Users\lanjh\Desktop\www\test-yii2-ad\advanced\vendor\yiisoft\yii2\BaseYii.php(344): yii\di\Container->get('<span class="st...', '[]', '[<span class="s...')
#15 C:\Users\lanjh\Desktop\www\test-yii2-ad\advanced\vendor\yiisoft\yii2\widgets\ActiveForm.php(293): yii\BaseYii::createObject('[<span class="s...')
#16 C:\Users\lanjh\Desktop\www\test-yii2-ad\advanced\vendor\yiisoft\yii2-gii\generators\model\form.php(9): yii\widgets\ActiveForm->field(Object(yii\gii\generators\model\Generator), '<span class="st...')
#17 C:\Users\lanjh\Desktop\www\test-yii2-ad\advanced\vendor\yiisoft\yii2\base\View.php(325): require('C:\\Users\\lanjh\\...')
#18 C:\Users\lanjh\Desktop\www\test-yii2-ad\advanced\vendor\yiisoft\yii2\base\View.php(247): yii\base\View->renderPhpFile('<span class="st...', '[<span class="s...')
#19 C:\Users\lanjh\Desktop\www\test-yii2-ad\advanced\vendor\yiisoft\yii2-gii\views\default\view.php(38): yii\base\View->renderFile('<span class="st...', '[<span class="s...')
#20 C:\Users\lanjh\Desktop\www\test-yii2-ad\advanced\vendor\yiisoft\yii2\base\View.php(325): require('C:\\Users\\lanjh\\...')
#21 C:\Users\lanjh\Desktop\www\test-yii2-ad\advanced\vendor\yiisoft\yii2\base\View.php(247): yii\base\View->renderPhpFile('<span class="st...', '[<span class="s...')
#22 C:\Users\lanjh\Desktop\www\test-yii2-ad\advanced\vendor\yiisoft\yii2\base\View.php(149): yii\base\View->renderFile('<span class="st...', '[<span class="s...', Object(yii\gii\controllers\DefaultController))
#23 C:\Users\lanjh\Desktop\www\test-yii2-ad\advanced\vendor\yiisoft\yii2\base\Controller.php(378): yii\base\View->render('<span class="st...', '[<span class="s...', Object(yii\gii\controllers\DefaultController))
#24 C:\Users\lanjh\Desktop\www\test-yii2-ad\advanced\vendor\yiisoft\yii2-gii\controllers\DefaultController.php(61): yii\base\Controller->render('<span class="st...', '[<span class="s...')
#25 [internal function]: yii\gii\controllers\DefaultController->actionView('<span class="st...')
#26 C:\Users\lanjh\Desktop\www\test-yii2-ad\advanced\vendor\yiisoft\yii2\base\InlineAction.php(55): call_user_func_array('[<span class="t...', '[<span class="s...')
#27 C:\Users\lanjh\Desktop\www\test-yii2-ad\advanced\vendor\yiisoft\yii2\base\Controller.php(154): yii\base\InlineAction->runWithParams('[<span class="s...')
#28 C:\Users\lanjh\Desktop\www\test-yii2-ad\advanced\vendor\yiisoft\yii2\base\Module.php(454): yii\base\Controller->runAction('<span class="st...', '[<span class="s...')
#29 C:\Users\lanjh\Desktop\www\test-yii2-ad\advanced\vendor\yiisoft\yii2\web\Application.php(87): yii\base\Module->runAction('<span class="st...', '[<span class="s...')
#30 C:\Users\lanjh\Desktop\www\test-yii2-ad\advanced\vendor\yiisoft\yii2\base\Application.php(375): yii\web\Application->handleRequest(Object(yii\web\Request))
#31 C:\Users\lanjh\Desktop\www\test-yii2-ad\advanced\backend\web\index.php(18): yii\base\Application->run()
#32 {main}
Additional Information:

2016-07-28 10:20:06 [127.0.0.1][-][-][info][application] $_GET = [
    'r' => 'gii/default/view'
    'id' => 'model'
]

$_COOKIE = [
    'advanced-backend' => 'u1c0cfn9otpadf8sonmmh4mui5'
    '_csrf-backend' => '984c9f1b5fec182e867579febd1182e2807b5ebebd1f20ebbeb45be90a1d20a1a:2:{i:0;s:13:\"_csrf-backend\";i:1;s:32:\"65-VvsnnUyVFAVUAkmAnBAMLH2F2RaHC\";}'
]

$_SERVER = [
    'HTTP_HOST' => 'manager.test.com'
    'HTTP_CONNECTION' => 'keep-alive'
    'HTTP_UPGRADE_INSECURE_REQUESTS' => '1'
    'HTTP_USER_AGENT' => 'Mozilla/5.0 (Windows NT 10.0; WOW64) AppleWebKit/537.36 (KHTML, like Gecko) Chrome/52.0.2743.82 Safari/537.36'
    'HTTP_ACCEPT' => 'text/html,application/xhtml+xml,application/xml;q=0.9,image/webp,*/*;q=0.8'
    'HTTP_REFERER' => 'http://manager.test.com/index.php?r=gii%2Fdefault%2Fview&id=form'
    'HTTP_ACCEPT_ENCODING' => 'gzip, deflate, sdch'
    'HTTP_ACCEPT_LANGUAGE' => 'zh-CN,zh;q=0.8'
    'HTTP_COOKIE' => 'advanced-backend=u1c0cfn9otpadf8sonmmh4mui5; _csrf-backend=984c9f1b5fec182e867579febd1182e2807b5ebebd1f20ebbeb45be90a1d20a1a%3A2%3A%7Bi%3A0%3Bs%3A13%3A%22_csrf-backend%22%3Bi%3A1%3Bs%3A32%3A%2265-VvsnnUyVFAVUAkmAnBAMLH2F2RaHC%22%3B%7D'
    'PATH' => 'C:\\ProgramData\\Oracle\\Java\\javapath;C:\\WINDOWS\\system32;C:\\WINDOWS;C:\\WINDOWS\\System32\\Wbem;C:\\WINDOWS\\System32\\WindowsPowerShell\\v1.0\\;D:\\Program Files (x86)\\Bitvise SSH Client;D:\\xampp\\php;C:\\Program Files\\nodejs\\;C:\\Program Files\\TortoiseSVN\\bin;C:\\xampp\\php;C:\\ProgramData\\ComposerSetup\\bin;C:\\Users\\lanjh\\AppData\\Roaming\\Composer\\vendor\\bin'
    'SystemRoot' => 'C:\\WINDOWS'
    'COMSPEC' => 'C:\\WINDOWS\\system32\\cmd.exe'
    'PATHEXT' => '.COM;.EXE;.BAT;.CMD;.VBS;.VBE;.JS;.JSE;.WSF;.WSH;.MSC'
    'WINDIR' => 'C:\\WINDOWS'
    'SERVER_SIGNATURE' => '<address>Apache/2.4.18 (Win32) PHP/5.6.16 Server at manager.test.com Port 80</address>
'
    'SERVER_SOFTWARE' => 'Apache/2.4.18 (Win32) PHP/5.6.16'
    'SERVER_NAME' => 'manager.test.com'
    'SERVER_ADDR' => '127.0.0.1'
    'SERVER_PORT' => '80'
    'REMOTE_ADDR' => '127.0.0.1'
    'DOCUMENT_ROOT' => 'C:/Users/lanjh/Desktop/www/test-yii2-ad/advanced/backend/web'
    'REQUEST_SCHEME' => 'http'
    'CONTEXT_PREFIX' => ''
    'CONTEXT_DOCUMENT_ROOT' => 'C:/Users/lanjh/Desktop/www/test-yii2-ad/advanced/backend/web'
    'SERVER_ADMIN' => 'webmaster@manager.test.com'
    'SCRIPT_FILENAME' => 'C:/Users/lanjh/Desktop/www/test-yii2-ad/advanced/backend/web/index.php'
    'REMOTE_PORT' => '51184'
    'GATEWAY_INTERFACE' => 'CGI/1.1'
    'SERVER_PROTOCOL' => 'HTTP/1.1'
    'REQUEST_METHOD' => 'GET'
    'QUERY_STRING' => 'r=gii%2Fdefault%2Fview&id=model'
    'REQUEST_URI' => '/index.php?r=gii%2Fdefault%2Fview&id=model'
    'SCRIPT_NAME' => '/index.php'
    'PHP_SELF' => '/index.php'
    'REQUEST_TIME_FLOAT' => 1469672406.142
    'REQUEST_TIME' => 1469672406
]
2016-07-28 10:20:14 [127.0.0.1][-][-][error][yii\db\Exception] exception 'PDOException' with message 'SQLSTATE[HY000] [2002] 由于目标计算机积极拒绝，无法连接。
' in C:\Users\lanjh\Desktop\www\test-yii2-ad\advanced\vendor\yiisoft\yii2\db\Connection.php:603
Stack trace:
#0 C:\Users\lanjh\Desktop\www\test-yii2-ad\advanced\vendor\yiisoft\yii2\db\Connection.php(603): PDO->__construct('mysql:host=loca...', 'root', '', NULL)
#1 C:\Users\lanjh\Desktop\www\test-yii2-ad\advanced\vendor\yiisoft\yii2\db\Connection.php(545): yii\db\Connection->createPdoInstance()
#2 C:\Users\lanjh\Desktop\www\test-yii2-ad\advanced\vendor\yiisoft\yii2\db\Connection.php(864): yii\db\Connection->open()
#3 C:\Users\lanjh\Desktop\www\test-yii2-ad\advanced\vendor\yiisoft\yii2\db\Connection.php(851): yii\db\Connection->getMasterPdo()
#4 C:\Users\lanjh\Desktop\www\test-yii2-ad\advanced\vendor\yiisoft\yii2\db\Command.php(219): yii\db\Connection->getSlavePdo()
#5 C:\Users\lanjh\Desktop\www\test-yii2-ad\advanced\vendor\yiisoft\yii2\db\Command.php(894): yii\db\Command->prepare('<span class="ke...')
#6 C:\Users\lanjh\Desktop\www\test-yii2-ad\advanced\vendor\yiisoft\yii2\db\Command.php(405): yii\db\Command->queryInternal('<span class="st...', '<span class="nu...')
#7 C:\Users\lanjh\Desktop\www\test-yii2-ad\advanced\vendor\yiisoft\yii2\db\mysql\Schema.php(348): yii\db\Command->queryColumn()
#8 C:\Users\lanjh\Desktop\www\test-yii2-ad\advanced\vendor\yiisoft\yii2\db\Schema.php(231): yii\db\mysql\Schema->findTableNames('<span class="st...')
#9 C:\Users\lanjh\Desktop\www\test-yii2-ad\advanced\vendor\yiisoft\yii2-gii\generators\model\Generator.php(158): yii\db\Schema->getTableNames()
#10 [internal function]: yii\gii\generators\model\Generator->yii\gii\generators\model\{closure}()
#11 C:\Users\lanjh\Desktop\www\test-yii2-ad\advanced\vendor\yiisoft\yii2-gii\components\ActiveField.php(41): call_user_func(Object(Closure))
#12 C:\Users\lanjh\Desktop\www\test-yii2-ad\advanced\vendor\yiisoft\yii2\base\Object.php(107): yii\gii\components\ActiveField->init()
#13 [internal function]: yii\base\Object->__construct('[<span class="s...')
#14 C:\Users\lanjh\Desktop\www\test-yii2-ad\advanced\vendor\yiisoft\yii2\di\Container.php(379): ReflectionClass->newInstanceArgs('[[<span class="...')
#15 C:\Users\lanjh\Desktop\www\test-yii2-ad\advanced\vendor\yiisoft\yii2\di\Container.php(154): yii\di\Container->build('<span class="st...', '[]', '[<span class="s...')
#16 C:\Users\lanjh\Desktop\www\test-yii2-ad\advanced\vendor\yiisoft\yii2\BaseYii.php(344): yii\di\Container->get('<span class="st...', '[]', '[<span class="s...')
#17 C:\Users\lanjh\Desktop\www\test-yii2-ad\advanced\vendor\yiisoft\yii2\widgets\ActiveForm.php(293): yii\BaseYii::createObject('[<span class="s...')
#18 C:\Users\lanjh\Desktop\www\test-yii2-ad\advanced\vendor\yiisoft\yii2-gii\generators\model\form.php(9): yii\widgets\ActiveForm->field(Object(yii\gii\generators\model\Generator), '<span class="st...')
#19 C:\Users\lanjh\Desktop\www\test-yii2-ad\advanced\vendor\yiisoft\yii2\base\View.php(325): require('C:\\Users\\lanjh\\...')
#20 C:\Users\lanjh\Desktop\www\test-yii2-ad\advanced\vendor\yiisoft\yii2\base\View.php(247): yii\base\View->renderPhpFile('<span class="st...', '[<span class="s...')
#21 C:\Users\lanjh\Desktop\www\test-yii2-ad\advanced\vendor\yiisoft\yii2-gii\views\default\view.php(38): yii\base\View->renderFile('<span class="st...', '[<span class="s...')
#22 C:\Users\lanjh\Desktop\www\test-yii2-ad\advanced\vendor\yiisoft\yii2\base\View.php(325): require('C:\\Users\\lanjh\\...')
#23 C:\Users\lanjh\Desktop\www\test-yii2-ad\advanced\vendor\yiisoft\yii2\base\View.php(247): yii\base\View->renderPhpFile('<span class="st...', '[<span class="s...')
#24 C:\Users\lanjh\Desktop\www\test-yii2-ad\advanced\vendor\yiisoft\yii2\base\View.php(149): yii\base\View->renderFile('<span class="st...', '[<span class="s...', Object(yii\gii\controllers\DefaultController))
#25 C:\Users\lanjh\Desktop\www\test-yii2-ad\advanced\vendor\yiisoft\yii2\base\Controller.php(378): yii\base\View->render('<span class="st...', '[<span class="s...', Object(yii\gii\controllers\DefaultController))
#26 C:\Users\lanjh\Desktop\www\test-yii2-ad\advanced\vendor\yiisoft\yii2-gii\controllers\DefaultController.php(61): yii\base\Controller->render('<span class="st...', '[<span class="s...')
#27 [internal function]: yii\gii\controllers\DefaultController->actionView('<span class="st...')
#28 C:\Users\lanjh\Desktop\www\test-yii2-ad\advanced\vendor\yiisoft\yii2\base\InlineAction.php(55): call_user_func_array('[<span class="t...', '[<span class="s...')
#29 C:\Users\lanjh\Desktop\www\test-yii2-ad\advanced\vendor\yiisoft\yii2\base\Controller.php(154): yii\base\InlineAction->runWithParams('[<span class="s...')
#30 C:\Users\lanjh\Desktop\www\test-yii2-ad\advanced\vendor\yiisoft\yii2\base\Module.php(454): yii\base\Controller->runAction('<span class="st...', '[<span class="s...')
#31 C:\Users\lanjh\Desktop\www\test-yii2-ad\advanced\vendor\yiisoft\yii2\web\Application.php(87): yii\base\Module->runAction('<span class="st...', '[<span class="s...')
#32 C:\Users\lanjh\Desktop\www\test-yii2-ad\advanced\vendor\yiisoft\yii2\base\Application.php(375): yii\web\Application->handleRequest(Object(yii\web\Request))
#33 C:\Users\lanjh\Desktop\www\test-yii2-ad\advanced\backend\web\index.php(18): yii\base\Application->run()
#34 {main}

Next exception 'yii\db\Exception' with message 'SQLSTATE[HY000] [2002] 由于目标计算机积极拒绝，无法连接。
' in C:\Users\lanjh\Desktop\www\test-yii2-ad\advanced\vendor\yiisoft\yii2\db\Connection.php:550
Stack trace:
#0 C:\Users\lanjh\Desktop\www\test-yii2-ad\advanced\vendor\yiisoft\yii2\db\Connection.php(864): yii\db\Connection->open()
#1 C:\Users\lanjh\Desktop\www\test-yii2-ad\advanced\vendor\yiisoft\yii2\db\Connection.php(851): yii\db\Connection->getMasterPdo()
#2 C:\Users\lanjh\Desktop\www\test-yii2-ad\advanced\vendor\yiisoft\yii2\db\Command.php(219): yii\db\Connection->getSlavePdo()
#3 C:\Users\lanjh\Desktop\www\test-yii2-ad\advanced\vendor\yiisoft\yii2\db\Command.php(894): yii\db\Command->prepare('<span class="ke...')
#4 C:\Users\lanjh\Desktop\www\test-yii2-ad\advanced\vendor\yiisoft\yii2\db\Command.php(405): yii\db\Command->queryInternal('<span class="st...', '<span class="nu...')
#5 C:\Users\lanjh\Desktop\www\test-yii2-ad\advanced\vendor\yiisoft\yii2\db\mysql\Schema.php(348): yii\db\Command->queryColumn()
#6 C:\Users\lanjh\Desktop\www\test-yii2-ad\advanced\vendor\yiisoft\yii2\db\Schema.php(231): yii\db\mysql\Schema->findTableNames('<span class="st...')
#7 C:\Users\lanjh\Desktop\www\test-yii2-ad\advanced\vendor\yiisoft\yii2-gii\generators\model\Generator.php(158): yii\db\Schema->getTableNames()
#8 [internal function]: yii\gii\generators\model\Generator->yii\gii\generators\model\{closure}()
#9 C:\Users\lanjh\Desktop\www\test-yii2-ad\advanced\vendor\yiisoft\yii2-gii\components\ActiveField.php(41): call_user_func(Object(Closure))
#10 C:\Users\lanjh\Desktop\www\test-yii2-ad\advanced\vendor\yiisoft\yii2\base\Object.php(107): yii\gii\components\ActiveField->init()
#11 [internal function]: yii\base\Object->__construct('[<span class="s...')
#12 C:\Users\lanjh\Desktop\www\test-yii2-ad\advanced\vendor\yiisoft\yii2\di\Container.php(379): ReflectionClass->newInstanceArgs('[[<span class="...')
#13 C:\Users\lanjh\Desktop\www\test-yii2-ad\advanced\vendor\yiisoft\yii2\di\Container.php(154): yii\di\Container->build('<span class="st...', '[]', '[<span class="s...')
#14 C:\Users\lanjh\Desktop\www\test-yii2-ad\advanced\vendor\yiisoft\yii2\BaseYii.php(344): yii\di\Container->get('<span class="st...', '[]', '[<span class="s...')
#15 C:\Users\lanjh\Desktop\www\test-yii2-ad\advanced\vendor\yiisoft\yii2\widgets\ActiveForm.php(293): yii\BaseYii::createObject('[<span class="s...')
#16 C:\Users\lanjh\Desktop\www\test-yii2-ad\advanced\vendor\yiisoft\yii2-gii\generators\model\form.php(9): yii\widgets\ActiveForm->field(Object(yii\gii\generators\model\Generator), '<span class="st...')
#17 C:\Users\lanjh\Desktop\www\test-yii2-ad\advanced\vendor\yiisoft\yii2\base\View.php(325): require('C:\\Users\\lanjh\\...')
#18 C:\Users\lanjh\Desktop\www\test-yii2-ad\advanced\vendor\yiisoft\yii2\base\View.php(247): yii\base\View->renderPhpFile('<span class="st...', '[<span class="s...')
#19 C:\Users\lanjh\Desktop\www\test-yii2-ad\advanced\vendor\yiisoft\yii2-gii\views\default\view.php(38): yii\base\View->renderFile('<span class="st...', '[<span class="s...')
#20 C:\Users\lanjh\Desktop\www\test-yii2-ad\advanced\vendor\yiisoft\yii2\base\View.php(325): require('C:\\Users\\lanjh\\...')
#21 C:\Users\lanjh\Desktop\www\test-yii2-ad\advanced\vendor\yiisoft\yii2\base\View.php(247): yii\base\View->renderPhpFile('<span class="st...', '[<span class="s...')
#22 C:\Users\lanjh\Desktop\www\test-yii2-ad\advanced\vendor\yiisoft\yii2\base\View.php(149): yii\base\View->renderFile('<span class="st...', '[<span class="s...', Object(yii\gii\controllers\DefaultController))
#23 C:\Users\lanjh\Desktop\www\test-yii2-ad\advanced\vendor\yiisoft\yii2\base\Controller.php(378): yii\base\View->render('<span class="st...', '[<span class="s...', Object(yii\gii\controllers\DefaultController))
#24 C:\Users\lanjh\Desktop\www\test-yii2-ad\advanced\vendor\yiisoft\yii2-gii\controllers\DefaultController.php(61): yii\base\Controller->render('<span class="st...', '[<span class="s...')
#25 [internal function]: yii\gii\controllers\DefaultController->actionView('<span class="st...')
#26 C:\Users\lanjh\Desktop\www\test-yii2-ad\advanced\vendor\yiisoft\yii2\base\InlineAction.php(55): call_user_func_array('[<span class="t...', '[<span class="s...')
#27 C:\Users\lanjh\Desktop\www\test-yii2-ad\advanced\vendor\yiisoft\yii2\base\Controller.php(154): yii\base\InlineAction->runWithParams('[<span class="s...')
#28 C:\Users\lanjh\Desktop\www\test-yii2-ad\advanced\vendor\yiisoft\yii2\base\Module.php(454): yii\base\Controller->runAction('<span class="st...', '[<span class="s...')
#29 C:\Users\lanjh\Desktop\www\test-yii2-ad\advanced\vendor\yiisoft\yii2\web\Application.php(87): yii\base\Module->runAction('<span class="st...', '[<span class="s...')
#30 C:\Users\lanjh\Desktop\www\test-yii2-ad\advanced\vendor\yiisoft\yii2\base\Application.php(375): yii\web\Application->handleRequest(Object(yii\web\Request))
#31 C:\Users\lanjh\Desktop\www\test-yii2-ad\advanced\backend\web\index.php(18): yii\base\Application->run()
#32 {main}
Additional Information:

2016-07-28 10:20:12 [127.0.0.1][-][-][info][application] $_GET = [
    'r' => 'gii/default/view'
    'id' => 'model'
]

$_COOKIE = [
    'advanced-backend' => 'u1c0cfn9otpadf8sonmmh4mui5'
    '_csrf-backend' => '984c9f1b5fec182e867579febd1182e2807b5ebebd1f20ebbeb45be90a1d20a1a:2:{i:0;s:13:\"_csrf-backend\";i:1;s:32:\"65-VvsnnUyVFAVUAkmAnBAMLH2F2RaHC\";}'
]

$_SERVER = [
    'HTTP_HOST' => 'manager.test.com'
    'HTTP_CONNECTION' => 'keep-alive'
    'HTTP_UPGRADE_INSECURE_REQUESTS' => '1'
    'HTTP_USER_AGENT' => 'Mozilla/5.0 (Windows NT 10.0; WOW64) AppleWebKit/537.36 (KHTML, like Gecko) Chrome/52.0.2743.82 Safari/537.36'
    'HTTP_ACCEPT' => 'text/html,application/xhtml+xml,application/xml;q=0.9,image/webp,*/*;q=0.8'
    'HTTP_REFERER' => 'http://manager.test.com/index.php?r=gii%2Fdefault%2Fview&id=form'
    'HTTP_ACCEPT_ENCODING' => 'gzip, deflate, sdch'
    'HTTP_ACCEPT_LANGUAGE' => 'zh-CN,zh;q=0.8'
    'HTTP_COOKIE' => 'advanced-backend=u1c0cfn9otpadf8sonmmh4mui5; _csrf-backend=984c9f1b5fec182e867579febd1182e2807b5ebebd1f20ebbeb45be90a1d20a1a%3A2%3A%7Bi%3A0%3Bs%3A13%3A%22_csrf-backend%22%3Bi%3A1%3Bs%3A32%3A%2265-VvsnnUyVFAVUAkmAnBAMLH2F2RaHC%22%3B%7D'
    'PATH' => 'C:\\ProgramData\\Oracle\\Java\\javapath;C:\\WINDOWS\\system32;C:\\WINDOWS;C:\\WINDOWS\\System32\\Wbem;C:\\WINDOWS\\System32\\WindowsPowerShell\\v1.0\\;D:\\Program Files (x86)\\Bitvise SSH Client;D:\\xampp\\php;C:\\Program Files\\nodejs\\;C:\\Program Files\\TortoiseSVN\\bin;C:\\xampp\\php;C:\\ProgramData\\ComposerSetup\\bin;C:\\Users\\lanjh\\AppData\\Roaming\\Composer\\vendor\\bin'
    'SystemRoot' => 'C:\\WINDOWS'
    'COMSPEC' => 'C:\\WINDOWS\\system32\\cmd.exe'
    'PATHEXT' => '.COM;.EXE;.BAT;.CMD;.VBS;.VBE;.JS;.JSE;.WSF;.WSH;.MSC'
    'WINDIR' => 'C:\\WINDOWS'
    'SERVER_SIGNATURE' => '<address>Apache/2.4.18 (Win32) PHP/5.6.16 Server at manager.test.com Port 80</address>
'
    'SERVER_SOFTWARE' => 'Apache/2.4.18 (Win32) PHP/5.6.16'
    'SERVER_NAME' => 'manager.test.com'
    'SERVER_ADDR' => '127.0.0.1'
    'SERVER_PORT' => '80'
    'REMOTE_ADDR' => '127.0.0.1'
    'DOCUMENT_ROOT' => 'C:/Users/lanjh/Desktop/www/test-yii2-ad/advanced/backend/web'
    'REQUEST_SCHEME' => 'http'
    'CONTEXT_PREFIX' => ''
    'CONTEXT_DOCUMENT_ROOT' => 'C:/Users/lanjh/Desktop/www/test-yii2-ad/advanced/backend/web'
    'SERVER_ADMIN' => 'webmaster@manager.test.com'
    'SCRIPT_FILENAME' => 'C:/Users/lanjh/Desktop/www/test-yii2-ad/advanced/backend/web/index.php'
    'REMOTE_PORT' => '51187'
    'GATEWAY_INTERFACE' => 'CGI/1.1'
    'SERVER_PROTOCOL' => 'HTTP/1.1'
    'REQUEST_METHOD' => 'GET'
    'QUERY_STRING' => 'r=gii%2Fdefault%2Fview&id=model'
    'REQUEST_URI' => '/index.php?r=gii%2Fdefault%2Fview&id=model'
    'SCRIPT_NAME' => '/index.php'
    'PHP_SELF' => '/index.php'
    'REQUEST_TIME_FLOAT' => 1469672412.603
    'REQUEST_TIME' => 1469672412
]
