2016-07-25 03:46:15 [-][-][-][error][yii\base\ErrorException:32] yii\base\ErrorException: PHP Startup: mysqli: Unable to initialize module
Module compiled with module API=20131226
PHP    compiled with module API=20151012
These options need to match
 in Unknown:0
Stack trace:
#0 [internal function]: yii\base\ErrorHandler->handleFatalError()
#1 {main}
2016-07-25 03:46:15 [-][-][-][info][application] $_SERVER = [
    'ALLUSERSPROFILE' => 'C:\\ProgramData'
    'APPDATA' => 'C:\\Users\\lanjh\\AppData\\Roaming'
    'CommonProgramFiles' => 'C:\\Program Files (x86)\\Common Files'
    'CommonProgramFiles(x86)' => 'C:\\Program Files (x86)\\Common Files'
    'CommonProgramW6432' => 'C:\\Program Files\\Common Files'
    'COMPUTERNAME' => 'LANJH'
    'ComSpec' => 'C:\\WINDOWS\\system32\\cmd.exe'
    'FPS_BROWSER_APP_PROFILE_STRING' => 'Internet Explorer'
    'FPS_BROWSER_USER_PROFILE_STRING' => 'Default'
    'HOMEDRIVE' => 'C:'
    'HOMEPATH' => '\\Users\\lanjh'
    'LOCALAPPDATA' => 'C:\\Users\\lanjh\\AppData\\Local'
    'LOGONSERVER' => '\\\\DEV'
    'NUMBER_OF_PROCESSORS' => '4'
    'OS' => 'Windows_NT'
    'Path' => 'C:\\ProgramData\\Oracle\\Java\\javapath;C:\\WINDOWS\\system32;C:\\WINDOWS;C:\\WINDOWS\\System32\\Wbem;C:\\WINDOWS\\System32\\WindowsPowerShell\\v1.0\\;D:\\Program Files (x86)\\Bitvise SSH Client;D:\\xampp\\php;C:\\Program Files\\nodejs\\;C:\\Program Files\\TortoiseSVN\\bin;C:\\xampp\\php;C:\\ProgramData\\ComposerSetup\\bin;C:\\Users\\lanjh\\AppData\\Roaming\\Composer\\vendor\\bin'
    'PATHEXT' => '.COM;.EXE;.BAT;.CMD;.VBS;.VBE;.JS;.JSE;.WSF;.WSH;.MSC'
    'PHP_COMMAND' => 'php.exe'
    'PROCESSOR_ARCHITECTURE' => 'x86'
    'PROCESSOR_ARCHITEW6432' => 'AMD64'
    'PROCESSOR_IDENTIFIER' => 'Intel64 Family 6 Model 60 Stepping 3, GenuineIntel'
    'PROCESSOR_LEVEL' => '6'
    'PROCESSOR_REVISION' => '3c03'
    'ProgramData' => 'C:\\ProgramData'
    'ProgramFiles' => 'C:\\Program Files (x86)'
    'ProgramFiles(x86)' => 'C:\\Program Files (x86)'
    'ProgramW6432' => 'C:\\Program Files'
    'PROMPT' => '$P$G'
    'PSModulePath' => 'C:\\WINDOWS\\system32\\WindowsPowerShell\\v1.0\\Modules\\'
    'PUBLIC' => 'C:\\Users\\Public'
    'SESSIONNAME' => 'Console'
    'SystemDrive' => 'C:'
    'SystemRoot' => 'C:\\WINDOWS'
    'TEMP' => 'C:\\Users\\lanjh\\AppData\\Local\\Temp'
    'TMP' => 'C:\\Users\\lanjh\\AppData\\Local\\Temp'
    'USERDNSDOMAIN' => 'KEMI-TEC.COM'
    'USERDOMAIN' => 'KEMI-TEC'
    'USERDOMAIN_ROAMINGPROFILE' => 'KEMI-TEC'
    'USERNAME' => 'lanjh'
    'USERPROFILE' => 'C:\\Users\\lanjh'
    'windir' => 'C:\\WINDOWS'
    'YII_PATH' => 'C:\\Users\\lanjh\\Desktop\\www\\test-yii2-ad\\advanced\\'
    'PHP_SELF' => 'C:\\Users\\lanjh\\Desktop\\www\\test-yii2-ad\\advanced\\yii'
    'SCRIPT_NAME' => 'C:\\Users\\lanjh\\Desktop\\www\\test-yii2-ad\\advanced\\yii'
    'SCRIPT_FILENAME' => 'C:\\Users\\lanjh\\Desktop\\www\\test-yii2-ad\\advanced\\yii'
    'PATH_TRANSLATED' => 'C:\\Users\\lanjh\\Desktop\\www\\test-yii2-ad\\advanced\\yii'
    'DOCUMENT_ROOT' => ''
    'REQUEST_TIME_FLOAT' => 1469418375.3529
    'REQUEST_TIME' => 1469418375
    'argv' => [
        0 => 'C:\\Users\\lanjh\\Desktop\\www\\test-yii2-ad\\advanced\\yii'
        1 => 'asset/template'
        2 => 'assets.php'
    ]
    'argc' => 3
]
2016-07-25 03:47:18 [-][-][-][error][yii\base\ErrorException:32] yii\base\ErrorException: PHP Startup: mysqli: Unable to initialize module
Module compiled with module API=20131226
PHP    compiled with module API=20151012
These options need to match
 in Unknown:0
Stack trace:
#0 [internal function]: yii\base\ErrorHandler->handleFatalError()
#1 {main}
2016-07-25 03:47:18 [-][-][-][info][application] $_SERVER = [
    'ALLUSERSPROFILE' => 'C:\\ProgramData'
    'APPDATA' => 'C:\\Users\\lanjh\\AppData\\Roaming'
    'CommonProgramFiles' => 'C:\\Program Files (x86)\\Common Files'
    'CommonProgramFiles(x86)' => 'C:\\Program Files (x86)\\Common Files'
    'CommonProgramW6432' => 'C:\\Program Files\\Common Files'
    'COMPUTERNAME' => 'LANJH'
    'ComSpec' => 'C:\\WINDOWS\\system32\\cmd.exe'
    'FPS_BROWSER_APP_PROFILE_STRING' => 'Internet Explorer'
    'FPS_BROWSER_USER_PROFILE_STRING' => 'Default'
    'HOMEDRIVE' => 'C:'
    'HOMEPATH' => '\\Users\\lanjh'
    'LOCALAPPDATA' => 'C:\\Users\\lanjh\\AppData\\Local'
    'LOGONSERVER' => '\\\\DEV'
    'NUMBER_OF_PROCESSORS' => '4'
    'OS' => 'Windows_NT'
    'Path' => 'C:\\ProgramData\\Oracle\\Java\\javapath;C:\\WINDOWS\\system32;C:\\WINDOWS;C:\\WINDOWS\\System32\\Wbem;C:\\WINDOWS\\System32\\WindowsPowerShell\\v1.0\\;D:\\Program Files (x86)\\Bitvise SSH Client;D:\\xampp\\php;C:\\Program Files\\nodejs\\;C:\\Program Files\\TortoiseSVN\\bin;C:\\xampp\\php;C:\\ProgramData\\ComposerSetup\\bin;C:\\Users\\lanjh\\AppData\\Roaming\\Composer\\vendor\\bin'
    'PATHEXT' => '.COM;.EXE;.BAT;.CMD;.VBS;.VBE;.JS;.JSE;.WSF;.WSH;.MSC'
    'PHP_COMMAND' => 'php.exe'
    'PROCESSOR_ARCHITECTURE' => 'x86'
    'PROCESSOR_ARCHITEW6432' => 'AMD64'
    'PROCESSOR_IDENTIFIER' => 'Intel64 Family 6 Model 60 Stepping 3, GenuineIntel'
    'PROCESSOR_LEVEL' => '6'
    'PROCESSOR_REVISION' => '3c03'
    'ProgramData' => 'C:\\ProgramData'
    'ProgramFiles' => 'C:\\Program Files (x86)'
    'ProgramFiles(x86)' => 'C:\\Program Files (x86)'
    'ProgramW6432' => 'C:\\Program Files'
    'PROMPT' => '$P$G'
    'PSModulePath' => 'C:\\WINDOWS\\system32\\WindowsPowerShell\\v1.0\\Modules\\'
    'PUBLIC' => 'C:\\Users\\Public'
    'SESSIONNAME' => 'Console'
    'SystemDrive' => 'C:'
    'SystemRoot' => 'C:\\WINDOWS'
    'TEMP' => 'C:\\Users\\lanjh\\AppData\\Local\\Temp'
    'TMP' => 'C:\\Users\\lanjh\\AppData\\Local\\Temp'
    'USERDNSDOMAIN' => 'KEMI-TEC.COM'
    'USERDOMAIN' => 'KEMI-TEC'
    'USERDOMAIN_ROAMINGPROFILE' => 'KEMI-TEC'
    'USERNAME' => 'lanjh'
    'USERPROFILE' => 'C:\\Users\\lanjh'
    'windir' => 'C:\\WINDOWS'
    'YII_PATH' => 'C:\\Users\\lanjh\\Desktop\\www\\test-yii2-ad\\advanced\\'
    'PHP_SELF' => 'C:\\Users\\lanjh\\Desktop\\www\\test-yii2-ad\\advanced\\yii'
    'SCRIPT_NAME' => 'C:\\Users\\lanjh\\Desktop\\www\\test-yii2-ad\\advanced\\yii'
    'SCRIPT_FILENAME' => 'C:\\Users\\lanjh\\Desktop\\www\\test-yii2-ad\\advanced\\yii'
    'PATH_TRANSLATED' => 'C:\\Users\\lanjh\\Desktop\\www\\test-yii2-ad\\advanced\\yii'
    'DOCUMENT_ROOT' => ''
    'REQUEST_TIME_FLOAT' => 1469418438.3011
    'REQUEST_TIME' => 1469418438
    'argv' => [
        0 => 'C:\\Users\\lanjh\\Desktop\\www\\test-yii2-ad\\advanced\\yii'
    ]
    'argc' => 1
]
2016-07-25 03:50:49 [-][-][-][error][yii\base\ErrorException:32] yii\base\ErrorException: PHP Startup: mysqli: Unable to initialize module
Module compiled with module API=20131226
PHP    compiled with module API=20151012
These options need to match
 in Unknown:0
Stack trace:
#0 [internal function]: yii\base\ErrorHandler->handleFatalError()
#1 {main}
2016-07-25 03:47:59 [-][-][-][info][application] $_SERVER = [
    'ALLUSERSPROFILE' => 'C:\\ProgramData'
    'APPDATA' => 'C:\\Users\\lanjh\\AppData\\Roaming'
    'CommonProgramFiles' => 'C:\\Program Files (x86)\\Common Files'
    'CommonProgramFiles(x86)' => 'C:\\Program Files (x86)\\Common Files'
    'CommonProgramW6432' => 'C:\\Program Files\\Common Files'
    'COMPUTERNAME' => 'LANJH'
    'ComSpec' => 'C:\\WINDOWS\\system32\\cmd.exe'
    'FPS_BROWSER_APP_PROFILE_STRING' => 'Internet Explorer'
    'FPS_BROWSER_USER_PROFILE_STRING' => 'Default'
    'HOMEDRIVE' => 'C:'
    'HOMEPATH' => '\\Users\\lanjh'
    'LOCALAPPDATA' => 'C:\\Users\\lanjh\\AppData\\Local'
    'LOGONSERVER' => '\\\\DEV'
    'NUMBER_OF_PROCESSORS' => '4'
    'OS' => 'Windows_NT'
    'Path' => 'C:\\ProgramData\\Oracle\\Java\\javapath;C:\\WINDOWS\\system32;C:\\WINDOWS;C:\\WINDOWS\\System32\\Wbem;C:\\WINDOWS\\System32\\WindowsPowerShell\\v1.0\\;D:\\Program Files (x86)\\Bitvise SSH Client;D:\\xampp\\php;C:\\Program Files\\nodejs\\;C:\\Program Files\\TortoiseSVN\\bin;C:\\xampp\\php;C:\\ProgramData\\ComposerSetup\\bin;C:\\Users\\lanjh\\AppData\\Roaming\\Composer\\vendor\\bin'
    'PATHEXT' => '.COM;.EXE;.BAT;.CMD;.VBS;.VBE;.JS;.JSE;.WSF;.WSH;.MSC'
    'PHP_COMMAND' => 'php.exe'
    'PROCESSOR_ARCHITECTURE' => 'x86'
    'PROCESSOR_ARCHITEW6432' => 'AMD64'
    'PROCESSOR_IDENTIFIER' => 'Intel64 Family 6 Model 60 Stepping 3, GenuineIntel'
    'PROCESSOR_LEVEL' => '6'
    'PROCESSOR_REVISION' => '3c03'
    'ProgramData' => 'C:\\ProgramData'
    'ProgramFiles' => 'C:\\Program Files (x86)'
    'ProgramFiles(x86)' => 'C:\\Program Files (x86)'
    'ProgramW6432' => 'C:\\Program Files'
    'PROMPT' => '$P$G'
    'PSModulePath' => 'C:\\WINDOWS\\system32\\WindowsPowerShell\\v1.0\\Modules\\'
    'PUBLIC' => 'C:\\Users\\Public'
    'SESSIONNAME' => 'Console'
    'SystemDrive' => 'C:'
    'SystemRoot' => 'C:\\WINDOWS'
    'TEMP' => 'C:\\Users\\lanjh\\AppData\\Local\\Temp'
    'TMP' => 'C:\\Users\\lanjh\\AppData\\Local\\Temp'
    'USERDNSDOMAIN' => 'KEMI-TEC.COM'
    'USERDOMAIN' => 'KEMI-TEC'
    'USERDOMAIN_ROAMINGPROFILE' => 'KEMI-TEC'
    'USERNAME' => 'lanjh'
    'USERPROFILE' => 'C:\\Users\\lanjh'
    'windir' => 'C:\\WINDOWS'
    'YII_PATH' => 'C:\\Users\\lanjh\\Desktop\\www\\test-yii2-ad\\advanced\\'
    'PHP_SELF' => 'C:\\Users\\lanjh\\Desktop\\www\\test-yii2-ad\\advanced\\yii'
    'SCRIPT_NAME' => 'C:\\Users\\lanjh\\Desktop\\www\\test-yii2-ad\\advanced\\yii'
    'SCRIPT_FILENAME' => 'C:\\Users\\lanjh\\Desktop\\www\\test-yii2-ad\\advanced\\yii'
    'PATH_TRANSLATED' => 'C:\\Users\\lanjh\\Desktop\\www\\test-yii2-ad\\advanced\\yii'
    'DOCUMENT_ROOT' => ''
    'REQUEST_TIME_FLOAT' => 1469418479.8057
    'REQUEST_TIME' => 1469418479
    'argv' => [
        0 => 'C:\\Users\\lanjh\\Desktop\\www\\test-yii2-ad\\advanced\\yii'
        1 => 'asset/template'
        2 => 'assets.php'
    ]
    'argc' => 3
]
2016-07-25 06:38:41 [-][-][-][error][yii\base\ErrorException:32] yii\base\ErrorException: PHP Startup: mysqli: Unable to initialize module
Module compiled with module API=20131226
PHP    compiled with module API=20151012
These options need to match
 in Unknown:0
Stack trace:
#0 [internal function]: yii\base\ErrorHandler->handleFatalError()
#1 {main}
2016-07-25 06:38:41 [-][-][-][info][application] $_SERVER = [
    'ALLUSERSPROFILE' => 'C:\\ProgramData'
    'APPDATA' => 'C:\\Users\\lanjh\\AppData\\Roaming'
    'CommonProgramFiles' => 'C:\\Program Files (x86)\\Common Files'
    'CommonProgramFiles(x86)' => 'C:\\Program Files (x86)\\Common Files'
    'CommonProgramW6432' => 'C:\\Program Files\\Common Files'
    'COMPUTERNAME' => 'LANJH'
    'ComSpec' => 'C:\\WINDOWS\\system32\\cmd.exe'
    'FPS_BROWSER_APP_PROFILE_STRING' => 'Internet Explorer'
    'FPS_BROWSER_USER_PROFILE_STRING' => 'Default'
    'HOMEDRIVE' => 'C:'
    'HOMEPATH' => '\\Users\\lanjh'
    'LOCALAPPDATA' => 'C:\\Users\\lanjh\\AppData\\Local'
    'LOGONSERVER' => '\\\\DEV'
    'NUMBER_OF_PROCESSORS' => '4'
    'OS' => 'Windows_NT'
    'Path' => 'C:\\ProgramData\\Oracle\\Java\\javapath;C:\\WINDOWS\\system32;C:\\WINDOWS;C:\\WINDOWS\\System32\\Wbem;C:\\WINDOWS\\System32\\WindowsPowerShell\\v1.0\\;D:\\Program Files (x86)\\Bitvise SSH Client;D:\\xampp\\php;C:\\Program Files\\nodejs\\;C:\\Program Files\\TortoiseSVN\\bin;C:\\xampp\\php;C:\\ProgramData\\ComposerSetup\\bin;C:\\Users\\lanjh\\AppData\\Roaming\\Composer\\vendor\\bin'
    'PATHEXT' => '.COM;.EXE;.BAT;.CMD;.VBS;.VBE;.JS;.JSE;.WSF;.WSH;.MSC'
    'PHP_COMMAND' => 'php.exe'
    'PROCESSOR_ARCHITECTURE' => 'x86'
    'PROCESSOR_ARCHITEW6432' => 'AMD64'
    'PROCESSOR_IDENTIFIER' => 'Intel64 Family 6 Model 60 Stepping 3, GenuineIntel'
    'PROCESSOR_LEVEL' => '6'
    'PROCESSOR_REVISION' => '3c03'
    'ProgramData' => 'C:\\ProgramData'
    'ProgramFiles' => 'C:\\Program Files (x86)'
    'ProgramFiles(x86)' => 'C:\\Program Files (x86)'
    'ProgramW6432' => 'C:\\Program Files'
    'PROMPT' => '$P$G'
    'PSModulePath' => 'C:\\WINDOWS\\system32\\WindowsPowerShell\\v1.0\\Modules\\'
    'PUBLIC' => 'C:\\Users\\Public'
    'SESSIONNAME' => 'Console'
    'SystemDrive' => 'C:'
    'SystemRoot' => 'C:\\WINDOWS'
    'TEMP' => 'C:\\Users\\lanjh\\AppData\\Local\\Temp'
    'TMP' => 'C:\\Users\\lanjh\\AppData\\Local\\Temp'
    'USERDNSDOMAIN' => 'KEMI-TEC.COM'
    'USERDOMAIN' => 'KEMI-TEC'
    'USERDOMAIN_ROAMINGPROFILE' => 'KEMI-TEC'
    'USERNAME' => 'lanjh'
    'USERPROFILE' => 'C:\\Users\\lanjh'
    'windir' => 'C:\\WINDOWS'
    'YII_PATH' => 'C:\\Users\\lanjh\\Desktop\\www\\test-yii2-ad\\advanced\\'
    'PHP_SELF' => 'C:\\Users\\lanjh\\Desktop\\www\\test-yii2-ad\\advanced\\yii'
    'SCRIPT_NAME' => 'C:\\Users\\lanjh\\Desktop\\www\\test-yii2-ad\\advanced\\yii'
    'SCRIPT_FILENAME' => 'C:\\Users\\lanjh\\Desktop\\www\\test-yii2-ad\\advanced\\yii'
    'PATH_TRANSLATED' => 'C:\\Users\\lanjh\\Desktop\\www\\test-yii2-ad\\advanced\\yii'
    'DOCUMENT_ROOT' => ''
    'REQUEST_TIME_FLOAT' => 1469428721.3475
    'REQUEST_TIME' => 1469428721
    'argv' => [
        0 => 'C:\\Users\\lanjh\\Desktop\\www\\test-yii2-ad\\advanced\\yii'
    ]
    'argc' => 1
]
